<?xml version="1.0" encoding="UTF-8"?>
<coverage generated="1524551149488" clover="3.2.0">
  <project timestamp="1524551149488" name="All files">
    <metrics statements="6" coveredstatements="0" conditionals="0" coveredconditionals="0" methods="1" coveredmethods="0" elements="7" coveredelements="0" complexity="0" loc="6" ncloc="6" packages="1" files="2" classes="2">
      <file name="App.vue" path="/Users/bernardo.tolosa/Documents/workspace/vueworkspace/bare/src/App.vue">
        <metrics statements="1" coveredstatements="0" conditionals="0" coveredconditionals="0" methods="0" coveredmethods="0"/>
        <line num="7" count="0" type="stmt"/>
      </file>
      <file name="app.js" path="/Users/bernardo.tolosa/Documents/workspace/vueworkspace/bare/src/app.js">
        <metrics statements="5" coveredstatements="0" conditionals="0" coveredconditionals="0" methods="1" coveredmethods="0"/>
        <line num="1" count="0" type="stmt"/>
        <line num="2" count="0" type="stmt"/>
        <line num="4" count="0" type="stmt"/>
        <line num="7" count="0" type="stmt"/>
        <line num="9" count="0" type="stmt"/>
      </file>
    </metrics>
  </project>
</coverage>
