{"/Users/bernardo.tolosa/Documents/workspace/vueworkspace/bare/src/App.vue": {"path":"/Users/bernardo.tolosa/Documents/workspace/vueworkspace/bare/src/App.vue","statementMap":{"0":{"start":{"line":7,"column":0},"end":{"line":null,"column":-1}}},"fnMap":{},"branchMap":{},"s":{"0":0},"f":{},"b":{}}
,"/Users/bernardo.tolosa/Documents/workspace/vueworkspace/bare/src/app.js": {"path":"/Users/bernardo.tolosa/Documents/workspace/vueworkspace/bare/src/app.js","statementMap":{"0":{"start":{"line":1,"column":0},"end":{"line":null,"column":-1}},"1":{"start":{"line":2,"column":0},"end":{"line":null,"column":-1}},"2":{"start":{"line":4,"column":0},"end":{"line":null,"column":-1}},"3":{"start":{"line":7,"column":0},"end":{"line":null,"column":-1}},"4":{"start":{"line":9,"column":10},"end":{"line":null,"column":-1}}},"fnMap":{"0":{"name":"render","decl":{"start":{"line":9,"column":10},"end":{"line":null,"column":-1}},"loc":{"start":{"line":9,"column":10},"end":{"line":null,"column":-1}}}},"branchMap":{},"s":{"0":0,"1":0,"2":0,"3":0,"4":0},"f":{"0":0},"b":{}}
}
